<?xml version="1.0" encoding="UTF-8"?>
<testsuite name="com.petstore.cucumber.CucumberRunner" time="1.206" tests="40" errors="0" skipped="0" failures="0">
  <properties>
[...]
</properties>
  <testcase name="Given Petstore app is running" classname="| 9854 | Gauri | Loved |" time="0.002"/>
  <testcase name="Given Petstore app is running" classname="| 9854 | Gauri | Loved |" time="0"/>
  <testcase name="When I create a new Pet by providing petID &quot;9854&quot; name &quot;Gauri&quot; status &quot;Loved&quot;" classname="| 9854 | Gauri | Loved |" time="0"/>
  <testcase name="When I create a new Pet by providing petID &quot;9854&quot; name &quot;Gauri&quot; status &quot;Loved&quot;" classname="| 9854 | Gauri | Loved |" time="0"/>
  <testcase name="Then I must get back a valid status code 200" classname="| 9854 | Gauri | Loved |" time="0"/>
  <testcase name="| 9854 | Gauri | Loved |" classname="| 9854 | Gauri | Loved |" time="0.963"/>
  <testcase name="| 9854 | Gauri | Loved |" classname="| 9854 | Gauri | Loved |" time="0.035"/>
  <testcase name="When I send GET request for petID &quot;&lt;id&gt;&quot;" classname="Scenario: As a user I am getting detail of new pet" time="0"/>
  <testcase name="Then I must get back valid status code 200" classname="Scenario: As a user I am getting detail of new pet" time="0"/>
  <testcase name="Scenario: As a user I am getting detail of new pet" classname="Scenario: As a user I am getting detail of new pet" time="0.051"/>
  <testcase name="When I update a Pet by providing petID &quot;9854&quot; name &quot;Ganga&quot; status &quot;Loved&quot;" classname="| 9854 | Ganga | Loved |" time="0"/>
  <testcase name="Then I must get a valid status code 200" classname="| 9854 | Ganga | Loved |" time="0"/>
  <testcase name="| 9854 | Ganga | Loved |" classname="| 9854 | Ganga | Loved |" time="0.027"/>
  <testcase name="When I send delete request by petID &quot;&lt;id&gt;&quot;" classname="Scenario: As user I am deleting Pet detail" time="0"/>
  <testcase name="Then pet detail get deleted and get status code 200" classname="Scenario: As user I am deleting Pet detail" time="0"/>
  <testcase name="Scenario: As user I am deleting Pet detail" classname="Scenario: As user I am deleting Pet detail" time="0.026"/>
  <testcase name="And I send GET request for petID &quot;9854&quot;" classname="| 9854 | Gauri | Loved |" time="0"/>
  <testcase name="And I update a Pet by providing petID &quot;9854&quot; name &quot;Gauri&quot; status &quot;Loved&quot;" classname="| 9854 | Gauri | Loved |" time="0"/>
  <testcase name="And I send delete request by petID &quot;9854&quot;" classname="| 9854 | Gauri | Loved |" time="0"/>
  <testcase name="Then pet detail get deleted and get status code 200" classname="| 9854 | Gauri | Loved |" time="0"/>
  <testcase name="Given Petstore app is running" classname="| 555 | RajaRam | Raja | Ram | Raja.Ram@email.com | Rajaram12345 | 07895628922 | 1 |" time="0"/>
  <testcase name="When I create a new user by providing userID &quot;555&quot; username &quot;RajaRam&quot; firstName &quot;Raja&quot; lastName &quot;Ram&quot; email &quot;Raja.Ram@email.com&quot; password &quot;Rajaram12345&quot; phone &quot;07895628922&quot; userStatus &quot;1&quot;" classname="| 555 | RajaRam | Raja | Ram | Raja.Ram@email.com | Rajaram12345 | 07895628922 | 1 |" time="0"/>
  <testcase name="Then user must get back a valid status code 200" classname="| 555 | RajaRam | Raja | Ram | Raja.Ram@email.com | Rajaram12345 | 07895628922 | 1 |" time="0"/>
  <testcase name="| 555 | RajaRam | Raja | Ram | Raja.Ram@email.com | Rajaram12345 | 07895628922 | 1 |" classname="| 555 | RajaRam | Raja | Ram | Raja.Ram@email.com | Rajaram12345 | 07895628922 | 1 |" time="0.045"/>
  <testcase name="When I send GET request for userID &quot;&lt;id&gt;&quot;" classname="Scenario: As a user I am getting detail of new user" time="0"/>
  <testcase name="Then I should get back a valid status code 200" classname="Scenario: As a user I am getting detail of new user" time="0"/>
  <testcase name="Scenario: As a user I am getting detail of new user" classname="Scenario: As a user I am getting detail of new user" time="0.025"/>
  <testcase name="When I update user by providing userID &quot;555&quot; username &quot;RamSita&quot; firstName &quot;Ram&quot; lastName &quot;Sita&quot; email &quot;Ram.Sita@email.com&quot; password &quot;RamSita1234&quot; phone &quot;07895628922&quot; userStatus &quot;1&quot;" classname="| 555 | RamSita | Ram | Sita | Ram.Sita@email.com | RamSita1234 | 07895628922 | 1 |" time="0"/>
  <testcase name="Then I should get a valid status code 200" classname="| 555 | RamSita | Ram | Sita | Ram.Sita@email.com | RamSita1234 | 07895628922 | 1 |" time="0"/>
  <testcase name="| 555 | RamSita | Ram | Sita | Ram.Sita@email.com | RamSita1234 | 07895628922 | 1 |" classname="| 555 | RamSita | Ram | Sita | Ram.Sita@email.com | RamSita1234 | 07895628922 | 1 |" time="0.037"/>
  <testcase name="| 555 | RamSita | Ram | Sita | Ram.Sita@email.com | RamSita1234 | 07895628922 | 1 |" classname="| 555 | RamSita | Ram | Sita | Ram.Sita@email.com | RamSita1234 | 07895628922 | 1 |" time="0.034"/>
  <testcase name="When I send delete request by userID &quot;&lt;id&gt;&quot;" classname="Scenario: As user I am deleting user detail" time="0"/>
  <testcase name="Then user get deleted and get status code 200" classname="Scenario: As user I am deleting user detail" time="0"/>
  <testcase name="Scenario: As user I am deleting user detail" classname="Scenario: As user I am deleting user detail" time="0.03"/>
  <testcase name="Given Petstore app is running" classname="| 555 | RamSita | Ram | Sita | Ram.Sita@email.com | RamSita1234 | 07895628922 | 1 |" time="0"/>
  <testcase name="When I create a new user by providing userID &quot;555&quot; username &quot;RamSita&quot; firstName &quot;Ram&quot; lastName &quot;Sita&quot; email &quot;Ram.Sita@email.com&quot; password &quot;RamSita1234&quot; phone &quot;07895628922&quot; userStatus &quot;1&quot;" classname="| 555 | RamSita | Ram | Sita | Ram.Sita@email.com | RamSita1234 | 07895628922 | 1 |" time="0"/>
  <testcase name="And I send GET request for userID &quot;555&quot;" classname="| 555 | RamSita | Ram | Sita | Ram.Sita@email.com | RamSita1234 | 07895628922 | 1 |" time="0"/>
  <testcase name="And I update user by providing userID &quot;555&quot; username &quot;RamSita&quot; firstName &quot;Ram&quot; lastName &quot;Sita&quot; email &quot;Ram.Sita@email.com&quot; password &quot;RamSita1234&quot; phone &quot;07895628922&quot; userStatus &quot;1&quot;" classname="| 555 | RamSita | Ram | Sita | Ram.Sita@email.com | RamSita1234 | 07895628922 | 1 |" time="0"/>
  <testcase name="And I send delete request by userID &quot;555&quot;" classname="| 555 | RamSita | Ram | Sita | Ram.Sita@email.com | RamSita1234 | 07895628922 | 1 |" time="0"/>
  <testcase name="Then user get deleted and get status code 200" classname="| 555 | RamSita | Ram | Sita | Ram.Sita@email.com | RamSita1234 | 07895628922 | 1 |" time="0"/>
</testsuite>