<?xml version="1.0" encoding="UTF-8"?><testsuite errors="0" failures="0" name="com.petstore.petstoreinfo.UserCRUDTest" skipped="0" tests="4" time="4.06" timestamp="2023-01-10T22:43:21.540Z[Europe/London]"><testcase classname="com.petstore.petstoreinfo.UserCRUDTest" name="This will create a new user"/><testcase classname="com.petstore.petstoreinfo.UserCRUDTest" name="This will verify that new user has been created"/><testcase classname="com.petstore.petstoreinfo.UserCRUDTest" name="This will update a new user"/><testcase classname="com.petstore.petstoreinfo.UserCRUDTest" name="Deleting user and verifying user is delted"/></testsuite>