<?xml version="1.0" encoding="UTF-8"?><testsuite errors="0" failures="0" name="com.petstore.petstoreinfo.PetCRUDTest" skipped="0" tests="4" time="10.53" timestamp="2023-01-10T22:43:10.103Z[Europe/London]"><testcase classname="com.petstore.petstoreinfo.PetCRUDTest" name="This will add a pet information"/><testcase classname="com.petstore.petstoreinfo.PetCRUDTest" name="This will find pet information by petID"/><testcase classname="com.petstore.petstoreinfo.PetCRUDTest" name="This will update pet information"/><testcase classname="com.petstore.petstoreinfo.PetCRUDTest" name="Deleting pet info and verifying pet info is delted"/></testsuite>